• turbo 2.7.5
• Packages in scope: @open-mercato/ai-assistant, @open-mercato/app, @open-mercato/cache, @open-mercato/checkout, @open-mercato/cli, @open-mercato/content, @open-mercato/core, @open-mercato/enterprise, @open-mercato/events, @open-mercato/gateway-stripe, @open-mercato/onboarding, @open-mercato/queue, @open-mercato/scheduler, @open-mercato/search, @open-mercato/shared, @open-mercato/sync-akeneo, @open-mercato/ui, @open-mercato/webhooks, create-mercato-app, open-mercato-docs
• Running typecheck in 20 packages
• Remote caching disabled
@open-mercato/scheduler:typecheck: cache miss, executing 8e773c45e01ea95e
@open-mercato/shared:typecheck: cache miss, executing ad4e6418f77d4e8e
@open-mercato/app:typecheck: cache miss, executing c2fca7f160e23485
@open-mercato/enterprise:typecheck: cache miss, executing e5f46e9b4cc0a138
@open-mercato/ui:typecheck: cache miss, executing 21692617b4cd5167
@open-mercato/search:typecheck: cache miss, executing 4e6ecde9e9fc97fc
@open-mercato/gateway-stripe:typecheck: cache miss, executing c3dd0bb9a8ad496d
@open-mercato/cli:typecheck: cache miss, executing 1a0ca1a0e8c1ce7b
@open-mercato/webhooks:typecheck: cache miss, executing 49f0f32374c396a4
@open-mercato/sync-akeneo:typecheck: cache miss, executing b3fe79c3d3b8186e
@open-mercato/events:typecheck: cache miss, executing da641eea6003631e
@open-mercato/core:typecheck: cache hit, replaying logs a82b85d7c68a5bd3
@open-mercato/queue:typecheck: cache hit, replaying logs e000e8e0015c6270
@open-mercato/checkout:typecheck: cache miss, executing c21a794a1862dc52
@open-mercato/onboarding:typecheck: cache miss, executing 9ca041ae361a49ca
@open-mercato/content:typecheck: cache miss, executing 47f38d289de20654
create-mercato-app:typecheck: cache miss, executing aeed5d0c1f193bc9
@open-mercato/cache:typecheck: cache hit, replaying logs 7928d73bc1deb532
@open-mercato/app:typecheck: ../../packages/ai-assistant/src/modules/ai_assistant/ai-tools/attachments-pack.ts(78,7): error TS2322: Type 'AiToolDefinition<{ entityType: string; recordId: string; }, { entityType: string; recordId: string; total: number; items: { id: string; entityType: string; recordId: string; fileName: string; mediaType: string; size: number; partitionCode: string | undefined; createdAt: string | null; }[]; }>' is not assignable to type 'AiToolDefinition<unknown, unknown>'.
@open-mercato/app:typecheck:   Types of property 'handler' are incompatible.
@open-mercato/app:typecheck:     Type '(input: { entityType: string; recordId: string; }, context: McpToolContext) => Promise<{ entityType: string; recordId: string; total: number; items: { id: string; entityType: string; ... 5 more ...; createdAt: string | null; }[]; }>' is not assignable to type '(input: unknown, context: McpToolContext) => Promise<unknown>'.
@open-mercato/app:typecheck:       Types of parameters 'input' and 'input' are incompatible.
@open-mercato/app:typecheck:         Type 'unknown' is not assignable to type '{ entityType: string; recordId: string; }'.
@open-mercato/app:typecheck: ../../packages/ai-assistant/src/modules/ai_assistant/ai-tools/attachments-pack.ts(130,7): error TS2322: Type 'AiToolDefinition<{ attachmentId: string; includeExtractedText?: boolean | undefined; }, { found: false; attachmentId: string; id?: undefined; entityType?: undefined; recordId?: undefined; fileName?: undefined; ... 7 more ...; hasExtractedText?: undefined; } | { ...; }>' is not assignable to type 'AiToolDefinition<unknown, unknown>'.
@open-mercato/app:typecheck:   Types of property 'handler' are incompatible.
@open-mercato/app:typecheck:     Type '(input: { attachmentId: string; includeExtractedText?: boolean | undefined; }, context: McpToolContext) => Promise<{ found: false; attachmentId: string; id?: undefined; entityType?: undefined; ... 9 more ...; hasExtractedText?: undefined; } | { ...; }>' is not assignable to type '(input: unknown, context: McpToolContext) => Promise<unknown>'.
@open-mercato/app:typecheck:       Types of parameters 'input' and 'input' are incompatible.
@open-mercato/app:typecheck:         Type 'unknown' is not assignable to type '{ attachmentId: string; includeExtractedText?: boolean | undefined; }'.
@open-mercato/app:typecheck: ../../packages/ai-assistant/src/modules/ai_assistant/ai-tools/attachments-pack.ts(189,7): error TS2322: Type 'AiToolDefinition<{ fromEntityType: string; fromRecordId: string; toEntityType: string; toRecordId: string; attachmentIds?: string[] | undefined; }, { transferred: number; fromEntityType: string; fromRecordId: string; toEntityType: string; toRecordId: string; attachmentIds?: undefined; } | { ...; }>' is not assignable to type 'AiToolDefinition<unknown, unknown>'.
@open-mercato/app:typecheck:   Types of property 'handler' are incompatible.
@open-mercato/app:typecheck:     Type '(input: { fromEntityType: string; fromRecordId: string; toEntityType: string; toRecordId: string; attachmentIds?: string[] | undefined; }, context: McpToolContext) => Promise<...>' is not assignable to type '(input: unknown, context: McpToolContext) => Promise<unknown>'.
@open-mercato/app:typecheck:       Types of parameters 'input' and 'input' are incompatible.
@open-mercato/app:typecheck:         Type 'unknown' is not assignable to type '{ fromEntityType: string; fromRecordId: string; toEntityType: string; toRecordId: string; attachmentIds?: string[] | undefined; }'.
@open-mercato/app:typecheck: ../../packages/ai-assistant/src/modules/ai_assistant/ai-tools/meta-pack.ts(72,7): error TS2322: Type 'AiToolDefinition<{ moduleId?: string | undefined; }, { agents: Record<string, unknown>[]; total: number; }>' is not assignable to type 'AiToolDefinition<unknown, unknown>'.
@open-mercato/app:typecheck:   Types of property 'handler' are incompatible.
@open-mercato/app:typecheck:     Type '(input: { moduleId?: string | undefined; }, context: McpToolContext) => Promise<{ agents: Record<string, unknown>[]; total: number; }>' is not assignable to type '(input: unknown, context: McpToolContext) => Promise<unknown>'.
@open-mercato/app:typecheck:       Types of parameters 'input' and 'input' are incompatible.
@open-mercato/app:typecheck:         Type 'unknown' is not assignable to type '{ moduleId?: string | undefined; }'.
@open-mercato/app:typecheck: ../../packages/ai-assistant/src/modules/ai_assistant/ai-tools/meta-pack.ts(104,7): error TS2322: Type 'AiToolDefinition<{ agentId: string; }, { agent: null; reason: "not_found"; } | { agent: null; reason: "forbidden"; } | { agent: { output: Record<string, unknown> | null; prompt: Record<string, unknown>; }; reason?: undefined; }>' is not assignable to type 'AiToolDefinition<unknown, unknown>'.
@open-mercato/app:typecheck:   Types of property 'handler' are incompatible.
@open-mercato/app:typecheck:     Type '(input: { agentId: string; }, context: McpToolContext) => Promise<{ agent: null; reason: "not_found"; } | { agent: null; reason: "forbidden"; } | { agent: { output: Record<string, unknown> | null; prompt: Record<...>; }; reason?: undefined; }>' is not assignable to type '(input: unknown, context: McpToolContext) => Promise<unknown>'.
@open-mercato/app:typecheck:       Types of parameters 'input' and 'input' are incompatible.
@open-mercato/app:typecheck:         Type 'unknown' is not assignable to type '{ agentId: string; }'.
@open-mercato/app:typecheck: ../../packages/ai-assistant/src/modules/ai_assistant/ai-tools/search-pack.ts(36,7): error TS2322: Type 'AiToolDefinition<{ q: string; limit?: number | undefined; strategies?: ("fulltext" | "vector" | "tokens")[] | undefined; entityTypes?: string[] | undefined; }, { query: string; totalResults: number; results: SearchResult[]; strategiesUsed: SearchStrategyId[]; timing: { ...; }; }>' is not assignable to type 'AiToolDefinition<unknown, unknown>'.
@open-mercato/app:typecheck:   Types of property 'handler' are incompatible.
@open-mercato/app:typecheck:     Type '(input: { q: string; limit?: number | undefined; strategies?: ("fulltext" | "vector" | "tokens")[] | undefined; entityTypes?: string[] | undefined; }, context: McpToolContext) => Promise<...>' is not assignable to type '(input: unknown, context: McpToolContext) => Promise<unknown>'.
@open-mercato/app:typecheck:       Types of parameters 'input' and 'input' are incompatible.
@open-mercato/app:typecheck:         Type 'unknown' is not assignable to type '{ q: string; limit?: number | undefined; strategies?: ("fulltext" | "vector" | "tokens")[] | undefined; entityTypes?: string[] | undefined; }'.
@open-mercato/app:typecheck: ../../packages/ai-assistant/src/modules/ai_assistant/ai-tools/search-pack.ts(61,73): error TS2677: A type predicate's type must be assignable to its parameter's type.
@open-mercato/app:typecheck:   Type 'string' is not assignable to type 'SearchStrategyId'.
@open-mercato/app:typecheck: ../../packages/ai-assistant/src/modules/ai_assistant/ai-tools/search-pack.ts(78,7): error TS2322: Type 'AiToolDefinition<{ entityId: string; recordId: string; }, { found: false; entityId: string; recordId: string; presenter?: undefined; url?: undefined; links?: undefined; metadata?: undefined; source?: undefined; score?: undefined; } | { ...; }>' is not assignable to type 'AiToolDefinition<unknown, unknown>'.
@open-mercato/app:typecheck:   Types of property 'handler' are incompatible.
@open-mercato/app:typecheck:     Type '(input: { entityId: string; recordId: string; }, context: McpToolContext) => Promise<{ found: false; entityId: string; recordId: string; presenter?: undefined; url?: undefined; links?: undefined; metadata?: undefined; source?: undefined; score?: undefined; } | { ...; }>' is not assignable to type '(input: unknown, context: McpToolContext) => Promise<unknown>'.
@open-mercato/app:typecheck:       Types of parameters 'input' and 'input' are incompatible.
@open-mercato/app:typecheck:         Type 'unknown' is not assignable to type '{ entityId: string; recordId: string; }'.
@open-mercato/app:typecheck: ERROR: command finished with error: command (/Users/piotrkarwatka/Projects/mercato-development/apps/mercato) /private/var/folders/kz/dsgcdnb13g93drqjv4z43x580000gn/T/xfs-e3648117/yarn run typecheck exited (2)
@open-mercato/app#typecheck: command (/Users/piotrkarwatka/Projects/mercato-development/apps/mercato) /private/var/folders/kz/dsgcdnb13g93drqjv4z43x580000gn/T/xfs-e3648117/yarn run typecheck exited (2)

 Tasks:    17 successful, 18 total
Cached:    3 cached, 18 total
  Time:    12.502s 
Failed:    @open-mercato/app#typecheck

 ERROR  run failed: command  exited (2)
