• turbo 2.9.16

   • Packages in scope: @open-mercato/app
   • Running build in 1 packages
   • Remote caching disabled, using shared worktree cache

@open-mercato/app:build: cache miss, executing 8f1f45fd597f8fd2
@open-mercato/app:build: ▲ Next.js 16.2.7 (Turbopack)
@open-mercato/app:build: - Environments: .env
@open-mercato/app:build: - Experiments (use with caution):
@open-mercato/app:build:   · optimizePackageImports
@open-mercato/app:build:   ⨯ serverMinification
@open-mercato/app:build:   ⨯ turbopackMinify
@open-mercato/app:build: 
@open-mercato/app:build:   Creating an optimized production build ...
@open-mercato/app:build: Turbopack build encountered 5 warnings:
@open-mercato/app:build: ./packages/shared/dist/lib/bootstrap/dynamicLoader.js:64:12
@open-mercato/app:build: Module not found: Can't resolve <dynamic>
@open-mercato/app:build:   [90m62 |[0m   [36mtry[0m {
@open-mercato/app:build:   [90m63 |[0m     [36mconst[0m fileUrl = [32m`[0m${pathToFileURL(jsPath).href[32m}?mtime=[0m${fs.statSync(jsPath).mtimeMs[32m}`[0m;
@open-mercato/app:build: [31m[1m>[0m [90m64 |[0m     [36mreturn[0m [36mimport[0m(fileUrl);
@open-mercato/app:build:   [90m   |[0m            [31m[1m^^^^^^^^^^^^^^^[0m
@open-mercato/app:build:   [90m65 |[0m   } [36mcatch[0m (error) {
@open-mercato/app:build:   [90m66 |[0m     [36mif[0m (!allowRecovery) {
@open-mercato/app:build:   [90m67 |[0m       [36mthrow[0m error;
@open-mercato/app:build: 
@open-mercato/app:build: 
@open-mercato/app:build: 
@open-mercato/app:build: Import trace:
@open-mercato/app:build:   App Route:
@open-mercato/app:build:     ./packages/shared/dist/lib/bootstrap/dynamicLoader.js
@open-mercato/app:build:     ./packages/ai-assistant/dist/modules/ai_assistant/cli.js
@open-mercato/app:build:     ./apps/mercato/.mercato/generated/modules.generated.ts
@open-mercato/app:build:     ./apps/mercato/src/app/api/docs/openapi/route.ts
@open-mercato/app:build: 
@open-mercato/app:build: https://nextjs.org/docs/messages/module-not-found
@open-mercato/app:build: 
@open-mercato/app:build: 
@open-mercato/app:build: ./apps/mercato/next.config.ts
@open-mercato/app:build: Encountered unexpected file in NFT list
@open-mercato/app:build: A file was traced that indicates that the whole project was traced unintentionally. Somewhere in the import trace below, there are:
@open-mercato/app:build: - filesystem operations (like path.join, path.resolve or fs.readFile), or
@open-mercato/app:build: - very dynamic requires (like require('./' + foo)).
@open-mercato/app:build: To resolve this, you can
@open-mercato/app:build: - remove them if possible, or
@open-mercato/app:build: - only use them in development, or
@open-mercato/app:build: - make sure they are statically scoped to some subfolder: path.join(process.cwd(), 'data', bar), or
@open-mercato/app:build: - add ignore comments: path.join(/*turbopackIgnore: true*/ process.cwd(), bar)
@open-mercato/app:build: 
@open-mercato/app:build: Import trace:
@open-mercato/app:build:   App Route:
@open-mercato/app:build:     ./apps/mercato/next.config.ts
@open-mercato/app:build:     ./packages/core/dist/modules/feature_toggles/cli.js
@open-mercato/app:build:     ./apps/mercato/.mercato/generated/modules.generated.ts
@open-mercato/app:build:     ./apps/mercato/src/app/api/docs/markdown/route.ts
@open-mercato/app:build: 
@open-mercato/app:build: 
@open-mercato/app:build: ./apps/mercato/next.config.ts
@open-mercato/app:build: Encountered unexpected file in NFT list
@open-mercato/app:build: A file was traced that indicates that the whole project was traced unintentionally. Somewhere in the import trace below, there are:
@open-mercato/app:build: - filesystem operations (like path.join, path.resolve or fs.readFile), or
@open-mercato/app:build: - very dynamic requires (like require('./' + foo)).
@open-mercato/app:build: To resolve this, you can
@open-mercato/app:build: - remove them if possible, or
@open-mercato/app:build: - only use them in development, or
@open-mercato/app:build: - make sure they are statically scoped to some subfolder: path.join(process.cwd(), 'data', bar), or
@open-mercato/app:build: - add ignore comments: path.join(/*turbopackIgnore: true*/ process.cwd(), bar)
@open-mercato/app:build: 
@open-mercato/app:build: Output asset trace:
@open-mercato/app:build:   [output]/apps/mercato/.mercato/next/server/app/(backend)/backend/page_client-reference-manifest.js
@open-mercato/app:build:   [output]/apps/mercato/.mercato/next/server/chunks/ssr/[root-of-the-server]__1r9uyxq._.js
@open-mercato/app:build: 
@open-mercato/app:build: Import trace:
@open-mercato/app:build:   App Route:
@open-mercato/app:build:     ./apps/mercato/next.config.ts
@open-mercato/app:build:     ./packages/core/dist/modules/feature_toggles/cli.js
@open-mercato/app:build:     ./apps/mercato/.mercato/generated/modules.generated.ts
@open-mercato/app:build:     ./apps/mercato/src/app/api/docs/markdown/route.ts
@open-mercato/app:build: 
@open-mercato/app:build: 
@open-mercato/app:build: ./apps/mercato/next.config.ts
@open-mercato/app:build: Encountered unexpected file in NFT list
@open-mercato/app:build: A file was traced that indicates that the whole project was traced unintentionally. Somewhere in the import trace below, there are:
@open-mercato/app:build: - filesystem operations (like path.join, path.resolve or fs.readFile), or
@open-mercato/app:build: - very dynamic requires (like require('./' + foo)).
@open-mercato/app:build: To resolve this, you can
@open-mercato/app:build: - remove them if possible, or
@open-mercato/app:build: - only use them in development, or
@open-mercato/app:build: - make sure they are statically scoped to some subfolder: path.join(process.cwd(), 'data', bar), or
@open-mercato/app:build: - add ignore comments: path.join(/*turbopackIgnore: true*/ process.cwd(), bar)
@open-mercato/app:build: 
@open-mercato/app:build: Output asset trace:
@open-mercato/app:build:   [output]/apps/mercato/.mercato/next/server/app/(frontend)/[...slug]/page_client-reference-manifest.js
@open-mercato/app:build:   [output]/apps/mercato/.mercato/next/server/chunks/ssr/[root-of-the-server]__0968orb._.js
@open-mercato/app:build:   [output]/apps/mercato/.mercato/next/server/chunks/ssr/[root-of-the-server]__1r9uyxq._.js
@open-mercato/app:build: 
@open-mercato/app:build: Import trace:
@open-mercato/app:build:   App Route:
@open-mercato/app:build:     ./apps/mercato/next.config.ts
@open-mercato/app:build:     ./packages/core/dist/modules/feature_toggles/cli.js
@open-mercato/app:build:     ./apps/mercato/.mercato/generated/modules.generated.ts
@open-mercato/app:build:     ./apps/mercato/src/app/api/docs/markdown/route.ts
@open-mercato/app:build: 
@open-mercato/app:build: 
@open-mercato/app:build: ./apps/mercato/next.config.ts
@open-mercato/app:build: Encountered unexpected file in NFT list
@open-mercato/app:build: A file was traced that indicates that the whole project was traced unintentionally. Somewhere in the import trace below, there are:
@open-mercato/app:build: - filesystem operations (like path.join, path.resolve or fs.readFile), or
@open-mercato/app:build: - very dynamic requires (like require('./' + foo)).
@open-mercato/app:build: To resolve this, you can
@open-mercato/app:build: - remove them if possible, or
@open-mercato/app:build: - only use them in development, or
@open-mercato/app:build: - make sure they are statically scoped to some subfolder: path.join(process.cwd(), 'data', bar), or
@open-mercato/app:build: - add ignore comments: path.join(/*turbopackIgnore: true*/ process.cwd(), bar)
@open-mercato/app:build: 
@open-mercato/app:build: Output asset trace:
@open-mercato/app:build:   [output]/apps/mercato/.mercato/next/server/app/page_client-reference-manifest.js
@open-mercato/app:build:   [output]/apps/mercato/.mercato/next/server/chunks/ssr/[root-of-the-server]__0968orb._.js
@open-mercato/app:build:   [output]/apps/mercato/.mercato/next/server/chunks/ssr/[root-of-the-server]__0lk5qen._.js
@open-mercato/app:build: 
@open-mercato/app:build: Import trace:
@open-mercato/app:build:   App Route:
@open-mercato/app:build:     ./apps/mercato/next.config.ts
@open-mercato/app:build:     ./packages/core/dist/modules/feature_toggles/cli.js
@open-mercato/app:build:     ./apps/mercato/.mercato/generated/modules.generated.ts
@open-mercato/app:build:     ./apps/mercato/src/app/api/docs/markdown/route.ts
@open-mercato/app:build: 
@open-mercato/app:build: 
@open-mercato/app:build: ✓ Compiled successfully in 41s
@open-mercato/app:build:   Running TypeScript ...
@open-mercato/app:build:   Finished TypeScript in 111s ...
@open-mercato/app:build:   Collecting page data using 10 workers ...
@open-mercato/app:build:   Generating static pages using 10 workers (0/3) ...
@open-mercato/app:build: ✓ Generating static pages using 10 workers (3/3) in 3.0s
@open-mercato/app:build:   Finalizing page optimization ...
@open-mercato/app:build: 
@open-mercato/app:build: Route (app)
@open-mercato/app:build: ┌ ƒ /
@open-mercato/app:build: ├ ƒ /_not-found
@open-mercato/app:build: ├ ƒ /[...slug]
@open-mercato/app:build: ├ ƒ /api/[...slug]
@open-mercato/app:build: ├ ƒ /api/docs/markdown
@open-mercato/app:build: ├ ƒ /api/docs/openapi
@open-mercato/app:build: ├ ƒ /backend
@open-mercato/app:build: └ ƒ /backend/[...slug]
@open-mercato/app:build: 
@open-mercato/app:build: 
@open-mercato/app:build: ƒ Proxy (Middleware)
@open-mercato/app:build: 
@open-mercato/app:build: ƒ  (Dynamic)  server-rendered on demand
@open-mercato/app:build: 
 WARNING  IO error: Permission denied (os error 13)

 Tasks:    1 successful, 1 total
Cached:    0 cached, 1 total
  Time:    2m44.175s 

