• turbo 2.7.5
• Packages in scope: @open-mercato/app
• Running build in 1 packages
• Remote caching disabled
@open-mercato/app:build: cache miss, executing 7ba80b7b1e1f50ea
@open-mercato/app:build: ▲ Next.js 16.2.3 (Turbopack)
@open-mercato/app:build: - Environments: .env
@open-mercato/app:build: - Experiments (use with caution):
@open-mercato/app:build:   ⨯ serverMinification
@open-mercato/app:build:   ⨯ turbopackMinify
@open-mercato/app:build: 
@open-mercato/app:build:   Creating an optimized production build ...
@open-mercato/app:build: Turbopack build encountered 9 warnings:
@open-mercato/app:build: ./packages/core/dist/modules/attachments/lib/storage.js:49:12
@open-mercato/app:build: The file pattern ('/ROOT/apps/mercato/' <dynamic> | '/ROOT/apps/mercato' <dynamic>) matches 17340 files in [project]/apps/mercato
@open-mercato/app:build:   [90m47 |[0m   } [36mwhile[0m (safeRelative !== prev);
@open-mercato/app:build:   [90m48 |[0m   [36mif[0m (storageDriver === [32m"legacyPublic"[0m) {
@open-mercato/app:build: [31m[1m>[0m [90m49 |[0m     [36mreturn[0m path.join(process.cwd(), safeRelative);
@open-mercato/app:build:   [90m   |[0m            [31m[1m^^^^^^^^^^^^^^^^^^^^^^^^^^^^^^^^^^^^^^[0m
@open-mercato/app:build:   [90m50 |[0m   }
@open-mercato/app:build:   [90m51 |[0m   [36mconst[0m root = resolvePartitionRoot(partitionCode);
@open-mercato/app:build:   [90m52 |[0m   [36mreturn[0m path.join(root, safeRelative);
@open-mercato/app:build: 
@open-mercato/app:build: Overly broad patterns can lead to build performance issues and over bundling.
@open-mercato/app:build: 
@open-mercato/app:build: Import traces:
@open-mercato/app:build:   App Route:
@open-mercato/app:build:     ./packages/core/dist/modules/attachments/lib/storage.js
@open-mercato/app:build:     ./packages/core/dist/modules/attachments/api/library/[id]/route.js
@open-mercato/app:build:     ./apps/mercato/.mercato/generated/modules.generated.ts
@open-mercato/app:build:     ./apps/mercato/src/app/api/docs/markdown/route.ts
@open-mercato/app:build: 
@open-mercato/app:build:   Server Component:
@open-mercato/app:build:     ./packages/core/dist/modules/attachments/lib/storage.js
@open-mercato/app:build:     ./packages/core/dist/modules/catalog/seed/examples.js
@open-mercato/app:build:     ./packages/core/dist/modules/catalog/lib/seeds.js
@open-mercato/app:build:     ./packages/core/dist/modules/catalog/setup.js
@open-mercato/app:build:     ./apps/mercato/.mercato/generated/modules.app.generated.ts
@open-mercato/app:build:     ./apps/mercato/src/bootstrap.ts
@open-mercato/app:build:     ./apps/mercato/src/app/layout.tsx
@open-mercato/app:build: 
@open-mercato/app:build: 
@open-mercato/app:build: ./packages/core/dist/modules/attachments/lib/storage.js:11:10
@open-mercato/app:build: The file pattern ('/ROOT/apps/mercato/storage/attachments/' <dynamic> | '/ROOT/apps/mercato/storage/attachments' <dynamic>) matches 16468 files in [project]/apps/mercato
@open-mercato/app:build:   [90m 9 |[0m     [36mreturn[0m path.resolve(envPath);
@open-mercato/app:build:   [90m10 |[0m   }
@open-mercato/app:build: [31m[1m>[0m [90m11 |[0m   [36mreturn[0m path.join(process.cwd(), [32m"storage"[0m, [32m"attachments"[0m, code);
@open-mercato/app:build:   [90m   |[0m          [31m[1m^^^^^^^^^^^^^^^^^^^^^^^^^^^^^^^^^^^^^^^^^^^^^^^^^^^^^^^^[0m
@open-mercato/app:build:   [90m12 |[0m }
@open-mercato/app:build:   [90m13 |[0m [36mfunction[0m sanitizeFileName(fileName) {
@open-mercato/app:build:   [90m14 |[0m   [36mif[0m (!fileName) [36mreturn[0m [32m"file"[0m;
@open-mercato/app:build: 
@open-mercato/app:build: Overly broad patterns can lead to build performance issues and over bundling.
@open-mercato/app:build: 
@open-mercato/app:build: Import traces:
@open-mercato/app:build:   App Route:
@open-mercato/app:build:     ./packages/core/dist/modules/attachments/lib/storage.js
@open-mercato/app:build:     ./packages/core/dist/modules/attachments/api/library/[id]/route.js
@open-mercato/app:build:     ./apps/mercato/.mercato/generated/modules.generated.ts
@open-mercato/app:build:     ./apps/mercato/src/app/api/docs/markdown/route.ts
@open-mercato/app:build: 
@open-mercato/app:build:   Server Component:
@open-mercato/app:build:     ./packages/core/dist/modules/attachments/lib/storage.js
@open-mercato/app:build:     ./packages/core/dist/modules/catalog/seed/examples.js
@open-mercato/app:build:     ./packages/core/dist/modules/catalog/lib/seeds.js
@open-mercato/app:build:     ./packages/core/dist/modules/catalog/setup.js
@open-mercato/app:build:     ./apps/mercato/.mercato/generated/modules.app.generated.ts
@open-mercato/app:build:     ./apps/mercato/src/bootstrap.ts
@open-mercato/app:build:     ./apps/mercato/src/app/layout.tsx
@open-mercato/app:build: 
@open-mercato/app:build: 
@open-mercato/app:build: ./packages/core/dist/modules/attachments/lib/storage.js:33:24
@open-mercato/app:build: The file pattern (<dynamic> '/' <dynamic> '/' <dynamic> '/' <dynamic> '_' <dynamic> '_file' | <dynamic> '/' <dynamic> '/' <dynamic> '_' <dynamic> '_file' | <dynamic> '/org_shared/' <dynamic> '/' <dynamic> '_' <dynamic> '_file' | <dynamic> 'org_shared/' <dynamic> '/' <dynamic> '_' <dynamic> '_file' | <dynamic> '/' <dynamic> '/' <dynamic> '_' <dynamic> '_file' | <dynamic> '/' <dynamic> '_' <dynamic> '_file' | <dynamic> '/org_shared' <dynamic> '/' <dynamic> '_' <dynamic> '_file' | <dynamic> 'org_shared' <dynamic> '/' <dynamic> '_' <dynamic> '_file' | <dynamic> '/' <dynamic> '/tenant_shared/' <dynamic> '_' <dynamic> '_file' | <dynamic> '/tenant_shared/' <dynamic> '_' <dynamic> '_file' | <dynamic> '/org_shared/tenant_shared/' <dynamic> '_' <dynamic> '_file' | <dynamic> 'org_shared/tenant_shared/' <dynamic> '_' <dynamic> '_file' | <dynamic> '/' <dynamic> 'tenant_shared/' <dynamic> '_' <dynamic> '_file' | <dynamic> 'tenant_shared/' <dynamic> '_' <dynamic> '_file' | <dynamic> '/org_sharedtenant_shared/' <dynamic> '_' <dynamic> '_file' | <dynamic> 'org_sharedtenant_shared/' <dynamic> '_' <dynamic> '_file' | <dynamic> '/' <dynamic> '/' <dynamic> '_' <dynamic> '_file' | <dynamic> '/' <dynamic> '_' <dynamic> '_file' | <dynamic> '/org_shared/' <dynamic> '_' <dynamic> '_file' | <dynamic> 'org_shared/' <dynamic> '_' <dynamic> '_file' | <dynamic> '/' <dynamic> '_' <dynamic> '_file' | <dynamic> '_' <dynamic> '_file' | <dynamic> '/org_shared' <dynamic> '_' <dynamic> '_file' | <dynamic> 'org_shared' <dynamic> '_' <dynamic> '_file' | <dynamic> '/' <dynamic> '/tenant_shared' <dynamic> '_' <dynamic> '_file' | <dynamic> '/tenant_shared' <dynamic> '_' <dynamic> '_file' | <dynamic> '/org_shared/tenant_shared' <dynamic> '_' <dynamic> '_file' | <dynamic> 'org_shared/tenant_shared' <dynamic> '_' <dynamic> '_file' | <dynamic> '/' <dynamic> 'tenant_shared' <dynamic> '_' <dynamic> '_file' | <dynamic> 'tenant_shared' <dynamic> '_' <dynamic> '_file' | <dynamic> '/org_sharedtenant_shared' <dynamic> '_' <dynamic> '_file' | <dynamic> 'org_sharedtenant_shared' <dynamic> '_' <dynamic> '_file' | <dynamic> '/' <dynamic> '/' <dynamic> '/' <dynamic> '_' <dynamic> '_' <dynamic> | <dynamic> '/' <dynamic> '/' <dynamic> '_' <dynamic> '_' <dynamic> | <dynamic> '/org_shared/' <dynamic> '/' <dynamic> '_' <dynamic> '_' <dynamic> | <dynamic> 'org_shared/' <dynamic> '/' <dynamic> '_' <dynamic> '_' <dynamic> | <dynamic> '/' <dynamic> '/' <dynamic> '_' <dynamic> '_' <dynamic> | <dynamic> '/' <dynamic> '_' <dynamic> '_' <dynamic> | <dynamic> '/org_shared' <dynamic> '/' <dynamic> '_' <dynamic> '_' <dynamic> | <dynamic> 'org_shared' <dynamic> '/' <dynamic> '_' <dynamic> '_' <dynamic> | <dynamic> '/' <dynamic> '/tenant_shared/' <dynamic> '_' <dynamic> '_' <dynamic> | <dynamic> '/tenant_shared/' <dynamic> '_' <dynamic> '_' <dynamic> | <dynamic> '/org_shared/tenant_shared/' <dynamic> '_' <dynamic> '_' <dynamic> | <dynamic> 'org_shared/tenant_shared/' <dynamic> '_' <dynamic> '_' <dynamic> | <dynamic> '/' <dynamic> 'tenant_shared/' <dynamic> '_' <dynamic> '_' <dynamic> | <dynamic> 'tenant_shared/' <dynamic> '_' <dynamic> '_' <dynamic> | <dynamic> '/org_sharedtenant_shared/' <dynamic> '_' <dynamic> '_' <dynamic> | <dynamic> 'org_sharedtenant_shared/' <dynamic> '_' <dynamic> '_' <dynamic> | <dynamic> '/' <dynamic> '/' <dynamic> '_' <dynamic> '_' <dynamic> | <dynamic> '/' <dynamic> '_' <dynamic> '_' <dynamic> | <dynamic> '/org_shared/' <dynamic> '_' <dynamic> '_' <dynamic> | <dynamic> 'org_shared/' <dynamic> '_' <dynamic> '_' <dynamic> | <dynamic> '/' <dynamic> '_' <dynamic> '_' <dynamic> | <dynamic> '_' <dynamic> '_' <dynamic> | <dynamic> '/org_shared' <dynamic> '_' <dynamic> '_' <dynamic> | <dynamic> 'org_shared' <dynamic> '_' <dynamic> '_' <dynamic> | <dynamic> '/' <dynamic> '/tenant_shared' <dynamic> '_' <dynamic> '_' <dynamic> | <dynamic> '/tenant_shared' <dynamic> '_' <dynamic> '_' <dynamic> | <dynamic> '/org_shared/tenant_shared' <dynamic> '_' <dynamic> '_' <dynamic> | <dynamic> 'org_shared/tenant_shared' <dynamic> '_' <dynamic> '_' <dynamic> | <dynamic> '/' <dynamic> 'tenant_shared' <dynamic> '_' <dynamic> '_' <dynamic> | <dynamic> 'tenant_shared' <dynamic> '_' <dynamic> '_' <dynamic> | <dynamic> '/org_sharedtenant_shared' <dynamic> '_' <dynamic> '_' <dynamic> | <dynamic> 'org_sharedtenant_shared' <dynamic> '_' <dynamic> '_' <dynamic>) matches 16693 files in [project]/apps/mercato
@open-mercato/app:build:   [90m31 |[0m   [36mconst[0m storedName = [32m`[0m${[33mDate[0m.now()[32m}_[0m${uniqueSuffix[32m}_[0m${safeName[32m}`[0m;
@open-mercato/app:build:   [90m32 |[0m   [36mconst[0m relativePath = path.join(orgSegment, tenantSegment, storedName);
@open-mercato/app:build: [31m[1m>[0m [90m33 |[0m   [36mconst[0m absolutePath = path.join(root, relativePath);
@open-mercato/app:build:   [90m   |[0m                        [31m[1m^^^^^^^^^^^^^^^^^^^^^^^^^^^^^[0m
@open-mercato/app:build:   [90m34 |[0m   [36mawait[0m fs.mkdir(path.dirname(absolutePath), { recursive: [36mtrue[0m });
@open-mercato/app:build:   [90m35 |[0m   [36mawait[0m fs.writeFile(absolutePath, payload.buffer);
@open-mercato/app:build:   [90m36 |[0m   [36mreturn[0m {
@open-mercato/app:build: 
@open-mercato/app:build: Overly broad patterns can lead to build performance issues and over bundling.
@open-mercato/app:build: 
@open-mercato/app:build: Import traces:
@open-mercato/app:build:   App Route:
@open-mercato/app:build:     ./packages/core/dist/modules/attachments/lib/storage.js
@open-mercato/app:build:     ./packages/core/dist/modules/attachments/api/library/[id]/route.js
@open-mercato/app:build:     ./apps/mercato/.mercato/generated/modules.generated.ts
@open-mercato/app:build:     ./apps/mercato/src/app/api/docs/markdown/route.ts
@open-mercato/app:build: 
@open-mercato/app:build:   Server Component:
@open-mercato/app:build:     ./packages/core/dist/modules/attachments/lib/storage.js
@open-mercato/app:build:     ./packages/core/dist/modules/catalog/seed/examples.js
@open-mercato/app:build:     ./packages/core/dist/modules/catalog/lib/seeds.js
@open-mercato/app:build:     ./packages/core/dist/modules/catalog/setup.js
@open-mercato/app:build:     ./apps/mercato/.mercato/generated/modules.app.generated.ts
@open-mercato/app:build:     ./apps/mercato/src/bootstrap.ts
@open-mercato/app:build:     ./apps/mercato/src/app/layout.tsx
@open-mercato/app:build: 
@open-mercato/app:build: 
@open-mercato/app:build: ./apps/mercato/next.config.ts
@open-mercato/app:build: Encountered unexpected file in NFT list
@open-mercato/app:build: A file was traced that indicates that the whole project was traced unintentionally. Somewhere in the import trace below, there are:
@open-mercato/app:build: - filesystem operations (like path.join, path.resolve or fs.readFile), or
@open-mercato/app:build: - very dynamic requires (like require('./' + foo)).
@open-mercato/app:build: To resolve this, you can
@open-mercato/app:build: - remove them if possible, or
@open-mercato/app:build: - only use them in development, or
@open-mercato/app:build: - make sure they are statically scoped to some subfolder: path.join(process.cwd(), 'data', bar), or
@open-mercato/app:build: - add ignore comments: path.join(/*turbopackIgnore: true*/ process.cwd(), bar)
@open-mercato/app:build: 
@open-mercato/app:build: Import trace:
@open-mercato/app:build:   App Route:
@open-mercato/app:build:     ./apps/mercato/next.config.ts
@open-mercato/app:build:     ./packages/cache/dist/strategies/jsonfile.js
@open-mercato/app:build:     ./packages/cache/dist/index.js
@open-mercato/app:build:     ./apps/mercato/src/app/api/[...slug]/route.ts
@open-mercato/app:build: 
@open-mercato/app:build: 
@open-mercato/app:build: ./apps/mercato/next.config.ts
@open-mercato/app:build: Encountered unexpected file in NFT list
@open-mercato/app:build: A file was traced that indicates that the whole project was traced unintentionally. Somewhere in the import trace below, there are:
@open-mercato/app:build: - filesystem operations (like path.join, path.resolve or fs.readFile), or
@open-mercato/app:build: - very dynamic requires (like require('./' + foo)).
@open-mercato/app:build: To resolve this, you can
@open-mercato/app:build: - remove them if possible, or
@open-mercato/app:build: - only use them in development, or
@open-mercato/app:build: - make sure they are statically scoped to some subfolder: path.join(process.cwd(), 'data', bar), or
@open-mercato/app:build: - add ignore comments: path.join(/*turbopackIgnore: true*/ process.cwd(), bar)
@open-mercato/app:build: 
@open-mercato/app:build: Output asset trace:
@open-mercato/app:build:   [output]/apps/mercato/.mercato/next/server/app/(backend)/backend/[...slug]/page_client-reference-manifest.js
@open-mercato/app:build:   [output]/apps/mercato/.mercato/next/server/chunks/ssr/[root-of-the-server]__0ngqw9o._.js
@open-mercato/app:build: 
@open-mercato/app:build: Import trace:
@open-mercato/app:build:   App Route:
@open-mercato/app:build:     ./apps/mercato/next.config.ts
@open-mercato/app:build:     ./packages/cache/dist/strategies/jsonfile.js
@open-mercato/app:build:     ./packages/cache/dist/index.js
@open-mercato/app:build:     ./apps/mercato/src/app/api/[...slug]/route.ts
@open-mercato/app:build: 
@open-mercato/app:build: 
@open-mercato/app:build: ./apps/mercato/next.config.ts
@open-mercato/app:build: Encountered unexpected file in NFT list
@open-mercato/app:build: A file was traced that indicates that the whole project was traced unintentionally. Somewhere in the import trace below, there are:
@open-mercato/app:build: - filesystem operations (like path.join, path.resolve or fs.readFile), or
@open-mercato/app:build: - very dynamic requires (like require('./' + foo)).
@open-mercato/app:build: To resolve this, you can
@open-mercato/app:build: - remove them if possible, or
@open-mercato/app:build: - only use them in development, or
@open-mercato/app:build: - make sure they are statically scoped to some subfolder: path.join(process.cwd(), 'data', bar), or
@open-mercato/app:build: - add ignore comments: path.join(/*turbopackIgnore: true*/ process.cwd(), bar)
@open-mercato/app:build: 
@open-mercato/app:build: Output asset trace:
@open-mercato/app:build:   [output]/apps/mercato/.mercato/next/server/app/(backend)/backend/page_client-reference-manifest.js
@open-mercato/app:build:   [output]/apps/mercato/.mercato/next/server/chunks/ssr/[root-of-the-server]__03sewt.._.js
@open-mercato/app:build:   [output]/apps/mercato/.mercato/next/server/chunks/ssr/[root-of-the-server]__0ngqw9o._.js
@open-mercato/app:build: 
@open-mercato/app:build: Import trace:
@open-mercato/app:build:   App Route:
@open-mercato/app:build:     ./apps/mercato/next.config.ts
@open-mercato/app:build:     ./packages/cache/dist/strategies/jsonfile.js
@open-mercato/app:build:     ./packages/cache/dist/index.js
@open-mercato/app:build:     ./apps/mercato/src/app/api/[...slug]/route.ts
@open-mercato/app:build: 
@open-mercato/app:build: 
@open-mercato/app:build: ./apps/mercato/next.config.ts
@open-mercato/app:build: Encountered unexpected file in NFT list
@open-mercato/app:build: A file was traced that indicates that the whole project was traced unintentionally. Somewhere in the import trace below, there are:
@open-mercato/app:build: - filesystem operations (like path.join, path.resolve or fs.readFile), or
@open-mercato/app:build: - very dynamic requires (like require('./' + foo)).
@open-mercato/app:build: To resolve this, you can
@open-mercato/app:build: - remove them if possible, or
@open-mercato/app:build: - only use them in development, or
@open-mercato/app:build: - make sure they are statically scoped to some subfolder: path.join(process.cwd(), 'data', bar), or
@open-mercato/app:build: - add ignore comments: path.join(/*turbopackIgnore: true*/ process.cwd(), bar)
@open-mercato/app:build: 
@open-mercato/app:build: Output asset trace:
@open-mercato/app:build:   [output]/apps/mercato/.mercato/next/server/app/(frontend)/[...slug]/page_client-reference-manifest.js
@open-mercato/app:build:   [output]/apps/mercato/.mercato/next/server/chunks/ssr/[root-of-the-server]__03sewt.._.js
@open-mercato/app:build:   [output]/apps/mercato/.mercato/next/server/chunks/ssr/[root-of-the-server]__0ngqw9o._.js
@open-mercato/app:build: 
@open-mercato/app:build: Import trace:
@open-mercato/app:build:   App Route:
@open-mercato/app:build:     ./apps/mercato/next.config.ts
@open-mercato/app:build:     ./packages/cache/dist/strategies/jsonfile.js
@open-mercato/app:build:     ./packages/cache/dist/index.js
@open-mercato/app:build:     ./apps/mercato/src/app/api/[...slug]/route.ts
@open-mercato/app:build: 
@open-mercato/app:build: 
@open-mercato/app:build: ./apps/mercato/next.config.ts
@open-mercato/app:build: Encountered unexpected file in NFT list
@open-mercato/app:build: A file was traced that indicates that the whole project was traced unintentionally. Somewhere in the import trace below, there are:
@open-mercato/app:build: - filesystem operations (like path.join, path.resolve or fs.readFile), or
@open-mercato/app:build: - very dynamic requires (like require('./' + foo)).
@open-mercato/app:build: To resolve this, you can
@open-mercato/app:build: - remove them if possible, or
@open-mercato/app:build: - only use them in development, or
@open-mercato/app:build: - make sure they are statically scoped to some subfolder: path.join(process.cwd(), 'data', bar), or
@open-mercato/app:build: - add ignore comments: path.join(/*turbopackIgnore: true*/ process.cwd(), bar)
@open-mercato/app:build: 
@open-mercato/app:build: Output asset trace:
@open-mercato/app:build:   [output]/apps/mercato/.mercato/next/server/app/_not-found/page_client-reference-manifest.js
@open-mercato/app:build:   [output]/apps/mercato/.mercato/next/server/chunks/ssr/[root-of-the-server]__03sewt.._.js
@open-mercato/app:build:   [output]/apps/mercato/.mercato/next/server/chunks/ssr/[root-of-the-server]__0ngqw9o._.js
@open-mercato/app:build: 
@open-mercato/app:build: Import trace:
@open-mercato/app:build:   App Route:
@open-mercato/app:build:     ./apps/mercato/next.config.ts
@open-mercato/app:build:     ./packages/cache/dist/strategies/jsonfile.js
@open-mercato/app:build:     ./packages/cache/dist/index.js
@open-mercato/app:build:     ./apps/mercato/src/app/api/[...slug]/route.ts
@open-mercato/app:build: 
@open-mercato/app:build: 
@open-mercato/app:build: ./apps/mercato/next.config.ts
@open-mercato/app:build: Encountered unexpected file in NFT list
@open-mercato/app:build: A file was traced that indicates that the whole project was traced unintentionally. Somewhere in the import trace below, there are:
@open-mercato/app:build: - filesystem operations (like path.join, path.resolve or fs.readFile), or
@open-mercato/app:build: - very dynamic requires (like require('./' + foo)).
@open-mercato/app:build: To resolve this, you can
@open-mercato/app:build: - remove them if possible, or
@open-mercato/app:build: - only use them in development, or
@open-mercato/app:build: - make sure they are statically scoped to some subfolder: path.join(process.cwd(), 'data', bar), or
@open-mercato/app:build: - add ignore comments: path.join(/*turbopackIgnore: true*/ process.cwd(), bar)
@open-mercato/app:build: 
@open-mercato/app:build: Output asset trace:
@open-mercato/app:build:   [output]/apps/mercato/.mercato/next/server/app/page_client-reference-manifest.js
@open-mercato/app:build:   [output]/apps/mercato/.mercato/next/server/chunks/ssr/[root-of-the-server]__03sewt.._.js
@open-mercato/app:build:   [output]/apps/mercato/.mercato/next/server/chunks/ssr/[root-of-the-server]__0ngqw9o._.js
@open-mercato/app:build: 
@open-mercato/app:build: Import trace:
@open-mercato/app:build:   App Route:
@open-mercato/app:build:     ./apps/mercato/next.config.ts
@open-mercato/app:build:     ./packages/cache/dist/strategies/jsonfile.js
@open-mercato/app:build:     ./packages/cache/dist/index.js
@open-mercato/app:build:     ./apps/mercato/src/app/api/[...slug]/route.ts
@open-mercato/app:build: 
@open-mercato/app:build: 
@open-mercato/app:build: ✓ Compiled successfully in 12.2s
@open-mercato/app:build:   Running TypeScript ...
@open-mercato/app:build:   Finished TypeScript in 26.3s ...
@open-mercato/app:build:   Collecting page data using 10 workers ...
@open-mercato/app:build:   Generating static pages using 10 workers (0/3) ...
@open-mercato/app:build: ✓ Generating static pages using 10 workers (3/3) in 979ms
@open-mercato/app:build:   Finalizing page optimization ...
@open-mercato/app:build: 
@open-mercato/app:build: Route (app)
@open-mercato/app:build: ┌ ƒ /
@open-mercato/app:build: ├ ƒ /_not-found
@open-mercato/app:build: ├ ƒ /[...slug]
@open-mercato/app:build: ├ ƒ /api/[...slug]
@open-mercato/app:build: ├ ƒ /api/docs/markdown
@open-mercato/app:build: ├ ƒ /api/docs/openapi
@open-mercato/app:build: ├ ƒ /backend
@open-mercato/app:build: └ ƒ /backend/[...slug]
@open-mercato/app:build: 
@open-mercato/app:build: 
@open-mercato/app:build: ƒ Proxy (Middleware)
@open-mercato/app:build: 
@open-mercato/app:build: ƒ  (Dynamic)  server-rendered on demand
@open-mercato/app:build: 

 Tasks:    1 successful, 1 total
Cached:    0 cached, 1 total
  Time:    43.61s 

