[dotenv@17.2.3] injecting env (56) from apps/mercato/.env -- tip: ⚙️  specify custom .env file path with { path: '/custom/path/.env' }
[dotenv@17.2.3] injecting env (0) from apps/mercato/.env -- tip: 👥 sync secrets across teammates & machines: https://dotenvx.com/ops
[dotenv@17.2.3] injecting env (0) from apps/mercato/.env -- tip: ⚙️  override existing env vars with { override: true }
[dotenv@17.2.3] injecting env (0) from apps/mercato/.env -- tip: 🗂️ backup and recover secrets: https://dotenvx.com/ops

Running 7 tests using 1 worker

  ✓  1 packages/ai-assistant/src/modules/ai_assistant/__integration__/TC-AI-002-agent-policy.spec.ts:30:3 › TC-AI-002: AI agent dispatcher policy gate › unknown agent returns 404 agent_unknown (212ms)
  ✓  2 packages/ai-assistant/src/modules/ai_assistant/__integration__/TC-AI-002-agent-policy.spec.ts:49:3 › TC-AI-002: AI agent dispatcher policy gate › malformed agent query param returns 400 validation_error (200ms)
  ✓  3 packages/ai-assistant/src/modules/ai_assistant/__integration__/TC-AI-002-agent-policy.spec.ts:68:3 › TC-AI-002: AI agent dispatcher policy gate › missing agent query param returns 400 validation_error (163ms)
  ✓  4 packages/ai-assistant/src/modules/ai_assistant/__integration__/TC-AI-002-agent-policy.spec.ts:87:3 › TC-AI-002: AI agent dispatcher policy gate › unauthenticated caller returns 401 (22ms)
  ✓  5 packages/ai-assistant/src/modules/ai_assistant/__integration__/TC-AI-PLAYGROUND-004-playground.spec.ts:22:3 › TC-AI-PLAYGROUND-004: AI Playground › playground renders agent picker or empty state for superadmin (1.6s)
  ✓  6 packages/core/src/modules/auth/__integration__/TC-AI-001-auth-sanity.spec.ts:17:3 › TC-AI-001: AI framework auth sanity › superadmin login reaches /backend (564ms)
  ✘  7 packages/core/src/modules/auth/__integration__/TC-AI-001-auth-sanity.spec.ts:22:3 › TC-AI-001: AI framework auth sanity › wrong password stays on /login and surfaces an error (20.1s)
  ✘  8 packages/core/src/modules/auth/__integration__/TC-AI-001-auth-sanity.spec.ts:22:3 › TC-AI-001: AI framework auth sanity › wrong password stays on /login and surfaces an error (retry #1) (20.1s)


  1) packages/core/src/modules/auth/__integration__/TC-AI-001-auth-sanity.spec.ts:22:3 › TC-AI-001: AI framework auth sanity › wrong password stays on /login and surfaces an error 

    [31mTest timeout of 20000ms exceeded.[39m

    Error: page.waitForResponse: Test timeout of 20000ms exceeded.

      37 |
      38 |     // Set up the network expectation BEFORE clicking so we don't miss the response.
    > 39 |     const loginResponsePromise = page.waitForResponse(
         |                                       ^
      40 |       (response) => response.url().includes('/api/auth/login') && response.request().method() === 'POST',
      41 |       { timeout: 30_000 },
      42 |     );
        at /Users/piotrkarwatka/Projects/mercato-development/packages/core/src/modules/auth/__integration__/TC-AI-001-auth-sanity.spec.ts:39:39

    attachment #1: screenshot (image/png) ──────────────────────────────────────────────────────────
    .ai/qa/test-results/artifacts/packages-core-src-modules--2ac3c-login-and-surfaces-an-error/test-failed-1.png
    ────────────────────────────────────────────────────────────────────────────────────────────────

    Error Context: .ai/qa/test-results/artifacts/packages-core-src-modules--2ac3c-login-and-surfaces-an-error/error-context.md

    Retry #1 ───────────────────────────────────────────────────────────────────────────────────────

    [31mTest timeout of 20000ms exceeded.[39m

    Error: page.waitForResponse: Test timeout of 20000ms exceeded.

      37 |
      38 |     // Set up the network expectation BEFORE clicking so we don't miss the response.
    > 39 |     const loginResponsePromise = page.waitForResponse(
         |                                       ^
      40 |       (response) => response.url().includes('/api/auth/login') && response.request().method() === 'POST',
      41 |       { timeout: 30_000 },
      42 |     );
        at /Users/piotrkarwatka/Projects/mercato-development/packages/core/src/modules/auth/__integration__/TC-AI-001-auth-sanity.spec.ts:39:39

    attachment #1: screenshot (image/png) ──────────────────────────────────────────────────────────
    .ai/qa/test-results/artifacts/packages-core-src-modules--2ac3c-login-and-surfaces-an-error-retry1/test-failed-1.png
    ────────────────────────────────────────────────────────────────────────────────────────────────

    Error Context: .ai/qa/test-results/artifacts/packages-core-src-modules--2ac3c-login-and-surfaces-an-error-retry1/error-context.md

    attachment #3: trace (application/zip) ─────────────────────────────────────────────────────────
    .ai/qa/test-results/artifacts/packages-core-src-modules--2ac3c-login-and-surfaces-an-error-retry1/trace.zip
    Usage:

        yarn playwright show-trace .ai/qa/test-results/artifacts/packages-core-src-modules--2ac3c-login-and-surfaces-an-error-retry1/trace.zip

    ────────────────────────────────────────────────────────────────────────────────────────────────

  1 failed
    packages/core/src/modules/auth/__integration__/TC-AI-001-auth-sanity.spec.ts:22:3 › TC-AI-001: AI framework auth sanity › wrong password stays on /login and surfaces an error 
  6 passed (2.3m)
